<?xml version="1.0" encoding="UTF-8"?>
<!-- Generated by org.testng.reporters.JUnitReportReporter -->
<testsuite hostname="LAPTOP-N1KMP2C8" failures="0" tests="1" name="MavenTest.Maven2Test" time="0.009" errors="0" timestamp="2025-07-01T16:48:23 IST" skipped="0">
  <testcase classname="MavenTest.Maven2Test" name="CreateCamapignTest" time="0.009">
    <system-out>
      <![CDATA[This is for command line input]]>
    </system-out>
  </testcase> <!-- CreateCamapignTest -->
  <system-out>
    <![CDATA[This is for command line input]]>
  </system-out>
</testsuite> <!-- MavenTest.Maven2Test -->
