<?xml version="1.0" encoding="UTF-8"?>
<!-- Generated by org.testng.reporters.JUnitReportReporter -->
<testsuite hostname="LAPTOP-N1KMP2C8" failures="0" tests="3" name="MavenTest.Maven1_Test" time="0.009" errors="0" timestamp="2025-06-30T13:16:33 IST" skipped="0">
  <testcase classname="MavenTest.Maven1_Test" name="CreateLeadTest" time="0.002"/>
  <testcase classname="MavenTest.Maven1_Test" name="CreateCpgnTest" time="0.006"/>
  <testcase classname="MavenTest.Maven1_Test" name="CreateProductTest" time="0.001"/>
</testsuite> <!-- MavenTest.Maven1_Test -->
